5/9/2025, 9:01:54 PM GMT-3 0: 

----------------------------------------------
5/9/2025, 9:01:54 PM GMT-3 1: Discord starting: {"releaseChannel":"stable","version":"0.0.94"}, modulepath: /home/jaaso/.config/discord/0.0.94/modules
5/9/2025, 9:01:54 PM GMT-3 2: ✅ webContents.created web1 ""
5/9/2025, 9:01:54 PM GMT-3 3: ✅ window.created win1 "discord"
5/9/2025, 9:01:54 PM GMT-3 4: ✅ webContents.did-finish-load web1
5/9/2025, 9:02:09 PM GMT-3 5: ✅ webContents.created web2 ""
5/9/2025, 9:02:09 PM GMT-3 6: ✅ window.created win2 "Discord"
5/9/2025, 9:02:21 PM GMT-3 7: ✅ webContents.did-finish-load web2
5/9/2025, 9:02:22 PM GMT-3 8: window.close win1
5/9/2025, 9:02:23 PM GMT-3 9: webContents.destroyed web1
5/9/2025, 9:02:23 PM GMT-3 10: window.closed win1
5/9/2025, 9:10:24 PM GMT-3 11: before-quit
5/9/2025, 9:10:24 PM GMT-3 12: window.close win2
5/9/2025, 9:10:24 PM GMT-3 13: webContents.destroyed web2
5/10/2025, 12:28:39 AM GMT-3 0: 

----------------------------------------------
5/10/2025, 12:28:39 AM GMT-3 1: Discord starting: {"releaseChannel":"stable","version":"0.0.94"}, modulepath: /home/jaaso/.config/discord/0.0.94/modules
5/10/2025, 12:28:39 AM GMT-3 2: ✅ webContents.created web1 ""
5/10/2025, 12:28:39 AM GMT-3 3: ✅ window.created win1 "discord"
5/10/2025, 12:28:40 AM GMT-3 4: ✅ webContents.did-finish-load web1
5/10/2025, 12:28:41 AM GMT-3 5: ✅ webContents.created web2 ""
5/10/2025, 12:28:41 AM GMT-3 6: ✅ window.created win2 "Discord"
5/10/2025, 12:28:55 AM GMT-3 7: ✅ webContents.did-finish-load web2
5/10/2025, 12:28:55 AM GMT-3 8: window.close win1
5/10/2025, 12:28:55 AM GMT-3 9: webContents.destroyed web1
5/10/2025, 12:28:55 AM GMT-3 10: window.closed win1
5/10/2025, 12:28:58 AM GMT-3 11: ✅ webContents.did-finish-load web2
5/10/2025, 12:29:11 AM GMT-3 12: window.close win2
5/10/2025, 12:29:14 AM GMT-3 13: before-quit
5/10/2025, 12:29:14 AM GMT-3 14: window.close win2
5/10/2025, 12:29:14 AM GMT-3 15: webContents.destroyed web2
